<?xml version="1.0" encoding="UTF-8"?>
<testng-results ignored="0" total="1" passed="1" failed="0" skipped="0">
  <reporter-output>
  </reporter-output>
  <suite started-at="2022-06-04T09:43:39 PDT" name="Default suite" finished-at="2022-06-04T09:43:44 PDT" duration-ms="4409">
    <groups>
    </groups>
    <test started-at="2022-06-04T09:43:39 PDT" name="Default test" finished-at="2022-06-04T09:43:44 PDT" duration-ms="4409">
      <class name="TestCase.AmazonTest">
        <test-method is-config="true" signature="setUp()[pri:0, instance:TestCase.AmazonTest@af78c87]" started-at="2022-06-04T09:43:39 PDT" name="setUp" finished-at="2022-06-04T09:43:41 PDT" duration-ms="1810" status="PASS">
          <reporter-output>
          </reporter-output>
        </test-method> <!-- setUp -->
        <test-method signature="SearchBentoBox()[pri:0, instance:TestCase.AmazonTest@af78c87]" started-at="2022-06-04T09:43:41 PDT" name="SearchBentoBox" finished-at="2022-06-04T09:43:44 PDT" duration-ms="2575" status="PASS">
          <reporter-output>
          </reporter-output>
        </test-method> <!-- SearchBentoBox -->
      </class> <!-- TestCase.AmazonTest -->
    </test> <!-- Default test -->
  </suite> <!-- Default suite -->
</testng-results>
